<?xml version="1.0" encoding="UTF-8"?>
<!-- Generated by org.testng.reporters.JUnitReportReporter -->
<testsuite hostname="KOCWX21981" failures="0" tests="1" name="AutomationTraining.ExtendReports.ExtendReportsDemo" time="7.834" errors="0" timestamp="2022-11-18T09:09:52 IST" skipped="0">
  <testcase classname="AutomationTraining.ExtendReports.ExtendReportsDemo" name="IntialDemo" time="7.834"/>
  <system-out/>
</testsuite> <!-- AutomationTraining.ExtendReports.ExtendReportsDemo -->
